C:\USERS\TOM\DESKTOP\LCX\DEBUG\HTRAN.OBJ
C:\USERS\TOM\DESKTOP\LCX\DEBUG\VC110.PDB
C:\USERS\TOM\DESKTOP\LCX\DEBUG\LCX.ILK
C:\USERS\TOM\DESKTOP\LCX\DEBUG\LCX.EXE
C:\USERS\TOM\DESKTOP\LCX\DEBUG\LCX.PDB
C:\Users\tom\Desktop\lcx\Debug\htran.obj
C:\Users\tom\Desktop\lcx\Debug\lcx.ilk
C:\Users\tom\Desktop\lcx\Debug\cl.command.1.tlog
C:\Users\tom\Desktop\lcx\Debug\CL.read.1.tlog
C:\Users\tom\Desktop\lcx\Debug\CL.write.1.tlog
C:\Users\tom\Desktop\lcx\Debug\link-cvtres.read.1.tlog
C:\Users\tom\Desktop\lcx\Debug\link-cvtres.write.1.tlog
C:\Users\tom\Desktop\lcx\Debug\link-rc.read.1.tlog
C:\Users\tom\Desktop\lcx\Debug\link-rc.write.1.tlog
C:\Users\tom\Desktop\lcx\Debug\link.command.1.tlog
C:\Users\tom\Desktop\lcx\Debug\link.read.1.tlog
C:\Users\tom\Desktop\lcx\Debug\link.write.1.tlog
C:\Users\tom\Desktop\lcx\Debug\vc110.idb
C:\Users\tom\Desktop\lcx\Debug\lcx.pdb
C:\Users\tom\Desktop\lcx\Debug\vc110.pdb
C:\Users\tom\Desktop\lcx\.\Debug\lcx.exe
